
2025/04/10 21:35:04 [warn] 1#1: duplicate MIME type "application/javascript" in /etc/nginx/nginx.conf:58
2025/04/10 21:35:04 [warn] 1#1: duplicate MIME type "application/json" in /etc/nginx/nginx.conf:58
2025/04/10 21:35:04 [warn] 1#1: duplicate MIME type "text/css" in /etc/nginx/nginx.conf:58
2025/04/10 21:35:04 [warn] 1#1: duplicate MIME type "text/plain" in /etc/nginx/nginx.conf:58
2025/04/10 21:35:04 [warn] 1#1: duplicate MIME type "text/xml" in /etc/nginx/nginx.conf:58
2025/04/12 05:59:12 [warn] 1#1: duplicate MIME type "application/javascript" in /etc/nginx/nginx.conf:58
2025/04/12 05:59:12 [warn] 1#1: duplicate MIME type "application/json" in /etc/nginx/nginx.conf:58
2025/04/12 05:59:12 [warn] 1#1: duplicate MIME type "text/css" in /etc/nginx/nginx.conf:58
2025/04/12 05:59:12 [warn] 1#1: duplicate MIME type "text/plain" in /etc/nginx/nginx.conf:58
2025/04/12 05:59:12 [warn] 1#1: duplicate MIME type "text/xml" in /etc/nginx/nginx.conf:58
2025/04/12 06:03:06 [warn] 1#1: duplicate MIME type "application/javascript" in /etc/nginx/nginx.conf:58
2025/04/12 06:03:06 [warn] 1#1: duplicate MIME type "application/json" in /etc/nginx/nginx.conf:58
2025/04/12 06:03:06 [warn] 1#1: duplicate MIME type "text/css" in /etc/nginx/nginx.conf:58
2025/04/12 06:03:06 [warn] 1#1: duplicate MIME type "text/plain" in /etc/nginx/nginx.conf:58
2025/04/12 06:03:06 [warn] 1#1: duplicate MIME type "text/xml" in /etc/nginx/nginx.conf:58
2025/04/12 06:05:27 [warn] 1#1: duplicate MIME type "application/javascript" in /etc/nginx/nginx.conf:58
2025/04/12 06:05:27 [warn] 1#1: duplicate MIME type "application/json" in /etc/nginx/nginx.conf:58
2025/04/12 06:05:27 [warn] 1#1: duplicate MIME type "text/css" in /etc/nginx/nginx.conf:58
2025/04/12 06:05:27 [warn] 1#1: duplicate MIME type "text/plain" in /etc/nginx/nginx.conf:58
2025/04/12 06:05:27 [warn] 1#1: duplicate MIME type "text/xml" in /etc/nginx/nginx.conf:58
2025/04/12 06:06:11 [warn] 1#1: duplicate MIME type "application/javascript" in /etc/nginx/nginx.conf:58
2025/04/12 06:06:11 [warn] 1#1: duplicate MIME type "application/json" in /etc/nginx/nginx.conf:58
2025/04/12 06:06:11 [warn] 1#1: duplicate MIME type "text/css" in /etc/nginx/nginx.conf:58
2025/04/12 06:06:11 [warn] 1#1: duplicate MIME type "text/plain" in /etc/nginx/nginx.conf:58
2025/04/12 06:06:11 [warn] 1#1: duplicate MIME type "text/xml" in /etc/nginx/nginx.conf:58
2025/04/12 06:08:43 [warn] 1#1: duplicate MIME type "application/javascript" in /etc/nginx/nginx.conf:58
2025/04/12 06:08:43 [warn] 1#1: duplicate MIME type "application/json" in /etc/nginx/nginx.conf:58
2025/04/12 06:08:43 [warn] 1#1: duplicate MIME type "text/css" in /etc/nginx/nginx.conf:58
2025/04/12 06:08:43 [warn] 1#1: duplicate MIME type "text/plain" in /etc/nginx/nginx.conf:58
2025/04/12 06:08:43 [warn] 1#1: duplicate MIME type "text/xml" in /etc/nginx/nginx.conf:58
2025/04/16 16:14:34 [warn] 1#1: duplicate MIME type "application/javascript" in /etc/nginx/nginx.conf:58
2025/04/16 16:14:34 [warn] 1#1: duplicate MIME type "application/json" in /etc/nginx/nginx.conf:58
2025/04/16 16:14:34 [warn] 1#1: duplicate MIME type "text/css" in /etc/nginx/nginx.conf:58
2025/04/16 16:14:34 [warn] 1#1: duplicate MIME type "text/plain" in /etc/nginx/nginx.conf:58
2025/04/16 16:14:34 [warn] 1#1: duplicate MIME type "text/xml" in /etc/nginx/nginx.conf:58
2025/04/16 17:29:27 [warn] 1#1: duplicate MIME type "application/javascript" in /etc/nginx/nginx.conf:58
2025/04/16 17:29:27 [warn] 1#1: duplicate MIME type "application/json" in /etc/nginx/nginx.conf:58
2025/04/16 17:29:27 [warn] 1#1: duplicate MIME type "text/css" in /etc/nginx/nginx.conf:58
2025/04/16 17:29:27 [warn] 1#1: duplicate MIME type "text/plain" in /etc/nginx/nginx.conf:58
2025/04/16 17:29:27 [warn] 1#1: duplicate MIME type "text/xml" in /etc/nginx/nginx.conf:58
2025/04/16 17:41:35 [warn] 1#1: duplicate MIME type "application/javascript" in /etc/nginx/nginx.conf:58
2025/04/16 17:41:35 [warn] 1#1: duplicate MIME type "application/json" in /etc/nginx/nginx.conf:58
2025/04/16 17:41:35 [warn] 1#1: duplicate MIME type "text/css" in /etc/nginx/nginx.conf:58
2025/04/16 17:41:35 [warn] 1#1: duplicate MIME type "text/plain" in /etc/nginx/nginx.conf:58
2025/04/16 17:41:35 [warn] 1#1: duplicate MIME type "text/xml" in /etc/nginx/nginx.conf:58
2025/04/16 18:11:41 [warn] 1#1: duplicate MIME type "application/javascript" in /etc/nginx/nginx.conf:58
2025/04/16 18:11:41 [warn] 1#1: duplicate MIME type "application/json" in /etc/nginx/nginx.conf:58
2025/04/16 18:11:41 [warn] 1#1: duplicate MIME type "text/css" in /etc/nginx/nginx.conf:58
2025/04/16 18:11:41 [warn] 1#1: duplicate MIME type "text/plain" in /etc/nginx/nginx.conf:58
2025/04/16 18:11:41 [warn] 1#1: duplicate MIME type "text/xml" in /etc/nginx/nginx.conf:58
2025/04/16 18:35:02 [warn] 1#1: duplicate MIME type "application/javascript" in /etc/nginx/nginx.conf:58
2025/04/16 18:35:02 [warn] 1#1: duplicate MIME type "application/json" in /etc/nginx/nginx.conf:58
2025/04/16 18:35:02 [warn] 1#1: duplicate MIME type "text/css" in /etc/nginx/nginx.conf:58
2025/04/16 18:35:02 [warn] 1#1: duplicate MIME type "text/plain" in /etc/nginx/nginx.conf:58
2025/04/16 18:35:02 [warn] 1#1: duplicate MIME type "text/xml" in /etc/nginx/nginx.conf:58
2025/04/18 05:33:31 [warn] 1#1: duplicate MIME type "application/javascript" in /etc/nginx/nginx.conf:58
2025/04/18 05:33:31 [warn] 1#1: duplicate MIME type "application/json" in /etc/nginx/nginx.conf:58
2025/04/18 05:33:31 [warn] 1#1: duplicate MIME type "text/css" in /etc/nginx/nginx.conf:58
2025/04/18 05:33:31 [warn] 1#1: duplicate MIME type "text/plain" in /etc/nginx/nginx.conf:58
2025/04/18 05:33:31 [warn] 1#1: duplicate MIME type "text/xml" in /etc/nginx/nginx.conf:58
2025/04/18 05:36:02 [warn] 1#1: duplicate MIME type "application/javascript" in /etc/nginx/nginx.conf:58
2025/04/18 05:36:02 [warn] 1#1: duplicate MIME type "application/json" in /etc/nginx/nginx.conf:58
2025/04/18 05:36:02 [warn] 1#1: duplicate MIME type "text/css" in /etc/nginx/nginx.conf:58
2025/04/18 05:36:02 [warn] 1#1: duplicate MIME type "text/plain" in /etc/nginx/nginx.conf:58
2025/04/18 05:36:02 [warn] 1#1: duplicate MIME type "text/xml" in /etc/nginx/nginx.conf:58
2025/04/18 05:37:48 [warn] 1#1: duplicate MIME type "application/javascript" in /etc/nginx/nginx.conf:58
2025/04/18 05:37:48 [warn] 1#1: duplicate MIME type "application/json" in /etc/nginx/nginx.conf:58
2025/04/18 05:37:48 [warn] 1#1: duplicate MIME type "text/css" in /etc/nginx/nginx.conf:58
2025/04/18 05:37:48 [warn] 1#1: duplicate MIME type "text/plain" in /etc/nginx/nginx.conf:58
2025/04/18 05:37:48 [warn] 1#1: duplicate MIME type "text/xml" in /etc/nginx/nginx.conf:58
2025/04/18 05:39:04 [warn] 1#1: duplicate MIME type "application/javascript" in /etc/nginx/nginx.conf:58
2025/04/18 05:39:04 [warn] 1#1: duplicate MIME type "application/json" in /etc/nginx/nginx.conf:58
2025/04/18 05:39:04 [warn] 1#1: duplicate MIME type "text/css" in /etc/nginx/nginx.conf:58
2025/04/18 05:39:04 [warn] 1#1: duplicate MIME type "text/plain" in /etc/nginx/nginx.conf:58
2025/04/18 05:39:04 [warn] 1#1: duplicate MIME type "text/xml" in /etc/nginx/nginx.conf:58
2025/04/18 05:42:57 [warn] 1#1: duplicate MIME type "application/javascript" in /etc/nginx/nginx.conf:58
2025/04/18 05:42:57 [warn] 1#1: duplicate MIME type "application/json" in /etc/nginx/nginx.conf:58
2025/04/18 05:42:57 [warn] 1#1: duplicate MIME type "text/css" in /etc/nginx/nginx.conf:58
2025/04/18 05:42:57 [warn] 1#1: duplicate MIME type "text/plain" in /etc/nginx/nginx.conf:58
2025/04/18 05:42:57 [warn] 1#1: duplicate MIME type "text/xml" in /etc/nginx/nginx.conf:58
2025/04/18 07:37:52 [warn] 1#1: duplicate MIME type "application/javascript" in /etc/nginx/nginx.conf:58
2025/04/18 07:37:52 [warn] 1#1: duplicate MIME type "application/json" in /etc/nginx/nginx.conf:58
2025/04/18 07:37:52 [warn] 1#1: duplicate MIME type "text/css" in /etc/nginx/nginx.conf:58
2025/04/18 07:37:52 [warn] 1#1: duplicate MIME type "text/plain" in /etc/nginx/nginx.conf:58
2025/04/18 07:37:52 [warn] 1#1: duplicate MIME type "text/xml" in /etc/nginx/nginx.conf:58
2025/04/18 21:57:18 [warn] 1#1: duplicate MIME type "application/javascript" in /etc/nginx/nginx.conf:58
2025/04/18 21:57:18 [warn] 1#1: duplicate MIME type "application/json" in /etc/nginx/nginx.conf:58
2025/04/18 21:57:18 [warn] 1#1: duplicate MIME type "text/css" in /etc/nginx/nginx.conf:58
2025/04/18 21:57:18 [warn] 1#1: duplicate MIME type "text/plain" in /etc/nginx/nginx.conf:58
2025/04/18 21:57:18 [warn] 1#1: duplicate MIME type "text/xml" in /etc/nginx/nginx.conf:58
2025/04/18 21:58:04 [warn] 1#1: duplicate MIME type "application/javascript" in /etc/nginx/nginx.conf:58
2025/04/18 21:58:04 [warn] 1#1: duplicate MIME type "application/json" in /etc/nginx/nginx.conf:58
2025/04/18 21:58:04 [warn] 1#1: duplicate MIME type "text/css" in /etc/nginx/nginx.conf:58
2025/04/18 21:58:04 [warn] 1#1: duplicate MIME type "text/plain" in /etc/nginx/nginx.conf:58
2025/04/18 21:58:04 [warn] 1#1: duplicate MIME type "text/xml" in /etc/nginx/nginx.conf:58
2025/04/18 21:59:37 [warn] 1#1: duplicate MIME type "application/javascript" in /etc/nginx/nginx.conf:58
2025/04/18 21:59:37 [warn] 1#1: duplicate MIME type "application/json" in /etc/nginx/nginx.conf:58
2025/04/18 21:59:37 [warn] 1#1: duplicate MIME type "text/css" in /etc/nginx/nginx.conf:58
2025/04/18 21:59:37 [warn] 1#1: duplicate MIME type "text/plain" in /etc/nginx/nginx.conf:58
2025/04/18 21:59:37 [warn] 1#1: duplicate MIME type "text/xml" in /etc/nginx/nginx.conf:58
2025/04/18 22:01:59 [warn] 1#1: duplicate MIME type "application/javascript" in /etc/nginx/nginx.conf:58
2025/04/18 22:01:59 [warn] 1#1: duplicate MIME type "application/json" in /etc/nginx/nginx.conf:58
2025/04/18 22:01:59 [warn] 1#1: duplicate MIME type "text/css" in /etc/nginx/nginx.conf:58
2025/04/18 22:01:59 [warn] 1#1: duplicate MIME type "text/plain" in /etc/nginx/nginx.conf:58
2025/04/18 22:01:59 [warn] 1#1: duplicate MIME type "text/xml" in /etc/nginx/nginx.conf:58
2025/04/18 22:02:38 [warn] 1#1: duplicate MIME type "application/javascript" in /etc/nginx/nginx.conf:58
2025/04/18 22:02:38 [warn] 1#1: duplicate MIME type "application/json" in /etc/nginx/nginx.conf:58
2025/04/18 22:02:38 [warn] 1#1: duplicate MIME type "text/css" in /etc/nginx/nginx.conf:58
2025/04/18 22:02:38 [warn] 1#1: duplicate MIME type "text/plain" in /etc/nginx/nginx.conf:58
2025/04/18 22:02:38 [warn] 1#1: duplicate MIME type "text/xml" in /etc/nginx/nginx.conf:58
2025/04/18 22:02:52 [warn] 1#1: duplicate MIME type "application/javascript" in /etc/nginx/nginx.conf:58
2025/04/18 22:02:52 [warn] 1#1: duplicate MIME type "application/json" in /etc/nginx/nginx.conf:58
2025/04/18 22:02:52 [warn] 1#1: duplicate MIME type "text/css" in /etc/nginx/nginx.conf:58
2025/04/18 22:02:52 [warn] 1#1: duplicate MIME type "text/plain" in /etc/nginx/nginx.conf:58
2025/04/18 22:02:52 [warn] 1#1: duplicate MIME type "text/xml" in /etc/nginx/nginx.conf:58
2025/04/18 22:04:29 [warn] 1#1: duplicate MIME type "application/javascript" in /etc/nginx/nginx.conf:58
2025/04/18 22:04:29 [warn] 1#1: duplicate MIME type "application/json" in /etc/nginx/nginx.conf:58
2025/04/18 22:04:29 [warn] 1#1: duplicate MIME type "text/css" in /etc/nginx/nginx.conf:58
2025/04/18 22:04:29 [warn] 1#1: duplicate MIME type "text/plain" in /etc/nginx/nginx.conf:58
2025/04/18 22:04:29 [warn] 1#1: duplicate MIME type "text/xml" in /etc/nginx/nginx.conf:58
2025/04/18 22:05:08 [warn] 1#1: duplicate MIME type "application/javascript" in /etc/nginx/nginx.conf:58
2025/04/18 22:05:08 [warn] 1#1: duplicate MIME type "application/json" in /etc/nginx/nginx.conf:58
2025/04/18 22:05:08 [warn] 1#1: duplicate MIME type "text/css" in /etc/nginx/nginx.conf:58
2025/04/18 22:05:08 [warn] 1#1: duplicate MIME type "text/plain" in /etc/nginx/nginx.conf:58
2025/04/18 22:05:08 [warn] 1#1: duplicate MIME type "text/xml" in /etc/nginx/nginx.conf:58
2025/04/18 22:05:43 [warn] 1#1: duplicate MIME type "application/javascript" in /etc/nginx/nginx.conf:58
2025/04/18 22:05:43 [warn] 1#1: duplicate MIME type "application/json" in /etc/nginx/nginx.conf:58
2025/04/18 22:05:43 [warn] 1#1: duplicate MIME type "text/css" in /etc/nginx/nginx.conf:58
2025/04/18 22:05:43 [warn] 1#1: duplicate MIME type "text/plain" in /etc/nginx/nginx.conf:58
2025/04/18 22:05:43 [warn] 1#1: duplicate MIME type "text/xml" in /etc/nginx/nginx.conf:58
2025/04/18 22:08:35 [warn] 1#1: duplicate MIME type "application/javascript" in /etc/nginx/nginx.conf:58
2025/04/18 22:08:35 [warn] 1#1: duplicate MIME type "application/json" in /etc/nginx/nginx.conf:58
2025/04/18 22:08:35 [warn] 1#1: duplicate MIME type "text/css" in /etc/nginx/nginx.conf:58
2025/04/18 22:08:35 [warn] 1#1: duplicate MIME type "text/plain" in /etc/nginx/nginx.conf:58
2025/04/18 22:08:35 [warn] 1#1: duplicate MIME type "text/xml" in /etc/nginx/nginx.conf:58
2025/04/19 18:21:46 [warn] 1#1: duplicate MIME type "application/javascript" in /etc/nginx/nginx.conf:58
2025/04/19 18:21:46 [warn] 1#1: duplicate MIME type "application/json" in /etc/nginx/nginx.conf:58
2025/04/19 18:21:46 [warn] 1#1: duplicate MIME type "text/css" in /etc/nginx/nginx.conf:58
2025/04/19 18:21:46 [warn] 1#1: duplicate MIME type "text/plain" in /etc/nginx/nginx.conf:58
2025/04/19 18:21:46 [warn] 1#1: duplicate MIME type "text/xml" in /etc/nginx/nginx.conf:58
2025/04/19 18:30:30 [warn] 1#1: duplicate MIME type "application/javascript" in /etc/nginx/nginx.conf:58
2025/04/19 18:30:30 [warn] 1#1: duplicate MIME type "application/json" in /etc/nginx/nginx.conf:58
2025/04/19 18:30:30 [warn] 1#1: duplicate MIME type "text/css" in /etc/nginx/nginx.conf:58
2025/04/19 18:30:30 [warn] 1#1: duplicate MIME type "text/plain" in /etc/nginx/nginx.conf:58
2025/04/19 18:30:30 [warn] 1#1: duplicate MIME type "text/xml" in /etc/nginx/nginx.conf:58
2025/04/20 09:01:52 [warn] 1#1: duplicate MIME type "application/javascript" in /etc/nginx/nginx.conf:58
2025/04/20 09:01:52 [warn] 1#1: duplicate MIME type "application/json" in /etc/nginx/nginx.conf:58
2025/04/20 09:01:52 [warn] 1#1: duplicate MIME type "text/css" in /etc/nginx/nginx.conf:58
2025/04/20 09:01:52 [warn] 1#1: duplicate MIME type "text/plain" in /etc/nginx/nginx.conf:58
2025/04/20 09:01:52 [warn] 1#1: duplicate MIME type "text/xml" in /etc/nginx/nginx.conf:58
2025/04/20 11:03:03 [warn] 1#1: duplicate MIME type "application/javascript" in /etc/nginx/nginx.conf:58
2025/04/20 11:03:03 [warn] 1#1: duplicate MIME type "application/json" in /etc/nginx/nginx.conf:58
2025/04/20 11:03:03 [warn] 1#1: duplicate MIME type "text/css" in /etc/nginx/nginx.conf:58
2025/04/20 11:03:03 [warn] 1#1: duplicate MIME type "text/plain" in /etc/nginx/nginx.conf:58
2025/04/20 11:03:03 [warn] 1#1: duplicate MIME type "text/xml" in /etc/nginx/nginx.conf:58
2025/04/20 11:06:43 [warn] 1#1: duplicate MIME type "application/javascript" in /etc/nginx/nginx.conf:58
2025/04/20 11:06:43 [warn] 1#1: duplicate MIME type "application/json" in /etc/nginx/nginx.conf:58
2025/04/20 11:06:43 [warn] 1#1: duplicate MIME type "text/css" in /etc/nginx/nginx.conf:58
2025/04/20 11:06:43 [warn] 1#1: duplicate MIME type "text/plain" in /etc/nginx/nginx.conf:58
2025/04/20 11:06:43 [warn] 1#1: duplicate MIME type "text/xml" in /etc/nginx/nginx.conf:58
